2024-02-15 09:32:40,327 [Worker-5: Loading available Gradle versions] INFO  o.e.b.c.i.u.g.PublishedGradleVersions - Gradle version information cache is out-of-date. Trying to update.
2024-02-15 09:58:50,471 [ModalContext] INFO  o.e.m.c.i.e.AbstractTransferListenerAdapter - Downloading https://repo.maven.apache.org/maven2/org/apache/maven/archetypes/maven-archetype-webapp/1.0/maven-archetype-webapp-1.0.pom
2024-02-15 09:58:50,761 [ModalContext] INFO  o.e.m.c.i.e.AbstractTransferListenerAdapter - Downloaded https://repo.maven.apache.org/maven2/org/apache/maven/archetypes/maven-archetype-webapp/1.0/maven-archetype-webapp-1.0.pom
2024-02-15 09:58:50,880 [ModalContext] INFO  o.e.m.c.i.e.AbstractTransferListenerAdapter - Downloading https://repo.maven.apache.org/maven2/org/apache/maven/archetypes/maven-archetype-bundles/2/maven-archetype-bundles-2.pom
2024-02-15 09:58:50,973 [ModalContext] INFO  o.e.m.c.i.e.AbstractTransferListenerAdapter - Downloaded https://repo.maven.apache.org/maven2/org/apache/maven/archetypes/maven-archetype-bundles/2/maven-archetype-bundles-2.pom
2024-02-15 09:58:51,063 [ModalContext] INFO  o.e.m.c.i.e.AbstractTransferListenerAdapter - Downloading https://repo.maven.apache.org/maven2/org/apache/maven/archetype/maven-archetype-parent/1/maven-archetype-parent-1.pom
2024-02-15 09:58:51,151 [ModalContext] INFO  o.e.m.c.i.e.AbstractTransferListenerAdapter - Downloaded https://repo.maven.apache.org/maven2/org/apache/maven/archetype/maven-archetype-parent/1/maven-archetype-parent-1.pom
2024-02-15 09:58:51,240 [ModalContext] INFO  o.e.m.c.i.e.AbstractTransferListenerAdapter - Downloading https://repo.maven.apache.org/maven2/org/apache/maven/maven-parent/4/maven-parent-4.pom
2024-02-15 09:58:51,346 [ModalContext] INFO  o.e.m.c.i.e.AbstractTransferListenerAdapter - Downloaded https://repo.maven.apache.org/maven2/org/apache/maven/maven-parent/4/maven-parent-4.pom
2024-02-15 09:58:51,453 [ModalContext] INFO  o.e.m.c.i.e.AbstractTransferListenerAdapter - Downloading https://repo.maven.apache.org/maven2/org/apache/apache/3/apache-3.pom
2024-02-15 09:58:51,564 [ModalContext] INFO  o.e.m.c.i.e.AbstractTransferListenerAdapter - Downloaded https://repo.maven.apache.org/maven2/org/apache/apache/3/apache-3.pom
2024-02-15 09:58:51,757 [ModalContext] INFO  o.e.m.c.i.e.AbstractTransferListenerAdapter - Downloading https://repo.maven.apache.org/maven2/org/apache/maven/archetypes/maven-archetype-webapp/1.0/maven-archetype-webapp-1.0.jar
2024-02-15 09:58:52,360 [ModalContext] INFO  o.e.m.c.i.e.AbstractTransferListenerAdapter - Downloaded https://repo.maven.apache.org/maven2/org/apache/maven/archetypes/maven-archetype-webapp/1.0/maven-archetype-webapp-1.0.jar
2024-02-15 09:59:34,407 [Worker-30: Launching mavenrun-74b800cf-0e48-4bf7-acc1-fc934f738e92] INFO  o.eclipse.m2e.core.internal.Bundles - getClasspathEntries(Bundle=org.eclipse.m2e.maven.runtime_3.9.400.20230826-0755 [621])
2024-02-15 09:59:34,411 [Worker-30: Launching mavenrun-74b800cf-0e48-4bf7-acc1-fc934f738e92] INFO  o.eclipse.m2e.core.internal.Bundles - 	Entry: C:\Users\HomePC\.p2\pool\plugins\org.eclipse.m2e.maven.runtime_3.9.400.20230826-0755
2024-02-15 09:59:34,411 [Worker-30: Launching mavenrun-74b800cf-0e48-4bf7-acc1-fc934f738e92] INFO  o.eclipse.m2e.core.internal.Bundles - 	Entry: C:\Users\HomePC\.p2\pool\plugins\org.eclipse.m2e.maven.runtime_3.9.400.20230826-0755\jars\aether-connector-okhttp-0.17.8.jar
2024-02-15 09:59:34,412 [Worker-30: Launching mavenrun-74b800cf-0e48-4bf7-acc1-fc934f738e92] INFO  o.eclipse.m2e.core.internal.Bundles - 	Entry: C:\Users\HomePC\.p2\pool\plugins\org.eclipse.m2e.maven.runtime_3.9.400.20230826-0755\jars\aopalliance-1.0.jar
2024-02-15 09:59:34,412 [Worker-30: Launching mavenrun-74b800cf-0e48-4bf7-acc1-fc934f738e92] INFO  o.eclipse.m2e.core.internal.Bundles - 	Entry: C:\Users\HomePC\.p2\pool\plugins\org.eclipse.m2e.maven.runtime_3.9.400.20230826-0755\jars\commons-lang3-3.12.0.jar
2024-02-15 09:59:34,412 [Worker-30: Launching mavenrun-74b800cf-0e48-4bf7-acc1-fc934f738e92] INFO  o.eclipse.m2e.core.internal.Bundles - 	Entry: C:\Users\HomePC\.p2\pool\plugins\org.eclipse.m2e.maven.runtime_3.9.400.20230826-0755\jars\guice-5.1.0.jar
2024-02-15 09:59:34,413 [Worker-30: Launching mavenrun-74b800cf-0e48-4bf7-acc1-fc934f738e92] INFO  o.eclipse.m2e.core.internal.Bundles - 	Entry: C:\Users\HomePC\.p2\pool\plugins\org.eclipse.m2e.maven.runtime_3.9.400.20230826-0755\jars\jansi-2.4.0.jar
2024-02-15 09:59:34,413 [Worker-30: Launching mavenrun-74b800cf-0e48-4bf7-acc1-fc934f738e92] INFO  o.eclipse.m2e.core.internal.Bundles - 	Entry: C:\Users\HomePC\.p2\pool\plugins\org.eclipse.m2e.maven.runtime_3.9.400.20230826-0755\jars\maven-artifact-3.9.4.jar
2024-02-15 09:59:34,415 [Worker-30: Launching mavenrun-74b800cf-0e48-4bf7-acc1-fc934f738e92] INFO  o.eclipse.m2e.core.internal.Bundles - 	Entry: C:\Users\HomePC\.p2\pool\plugins\org.eclipse.m2e.maven.runtime_3.9.400.20230826-0755\jars\maven-builder-support-3.9.4.jar
2024-02-15 09:59:34,415 [Worker-30: Launching mavenrun-74b800cf-0e48-4bf7-acc1-fc934f738e92] INFO  o.eclipse.m2e.core.internal.Bundles - 	Entry: C:\Users\HomePC\.p2\pool\plugins\org.eclipse.m2e.maven.runtime_3.9.400.20230826-0755\jars\maven-compat-3.9.4.jar
2024-02-15 09:59:34,415 [Worker-30: Launching mavenrun-74b800cf-0e48-4bf7-acc1-fc934f738e92] INFO  o.eclipse.m2e.core.internal.Bundles - 	Entry: C:\Users\HomePC\.p2\pool\plugins\org.eclipse.m2e.maven.runtime_3.9.400.20230826-0755\jars\maven-core-3.9.4.jar
2024-02-15 09:59:34,415 [Worker-30: Launching mavenrun-74b800cf-0e48-4bf7-acc1-fc934f738e92] INFO  o.eclipse.m2e.core.internal.Bundles - 	Entry: C:\Users\HomePC\.p2\pool\plugins\org.eclipse.m2e.maven.runtime_3.9.400.20230826-0755\jars\maven-embedder-3.9.4.jar
2024-02-15 09:59:34,415 [Worker-30: Launching mavenrun-74b800cf-0e48-4bf7-acc1-fc934f738e92] INFO  o.eclipse.m2e.core.internal.Bundles - 	Entry: C:\Users\HomePC\.p2\pool\plugins\org.eclipse.m2e.maven.runtime_3.9.400.20230826-0755\jars\maven-model-3.9.4.jar
2024-02-15 09:59:34,416 [Worker-30: Launching mavenrun-74b800cf-0e48-4bf7-acc1-fc934f738e92] INFO  o.eclipse.m2e.core.internal.Bundles - 	Entry: C:\Users\HomePC\.p2\pool\plugins\org.eclipse.m2e.maven.runtime_3.9.400.20230826-0755\jars\maven-model-builder-3.9.4.jar
2024-02-15 09:59:34,416 [Worker-30: Launching mavenrun-74b800cf-0e48-4bf7-acc1-fc934f738e92] INFO  o.eclipse.m2e.core.internal.Bundles - 	Entry: C:\Users\HomePC\.p2\pool\plugins\org.eclipse.m2e.maven.runtime_3.9.400.20230826-0755\jars\maven-plugin-api-3.9.4.jar
2024-02-15 09:59:34,416 [Worker-30: Launching mavenrun-74b800cf-0e48-4bf7-acc1-fc934f738e92] INFO  o.eclipse.m2e.core.internal.Bundles - 	Entry: C:\Users\HomePC\.p2\pool\plugins\org.eclipse.m2e.maven.runtime_3.9.400.20230826-0755\jars\maven-repository-metadata-3.9.4.jar
2024-02-15 09:59:34,416 [Worker-30: Launching mavenrun-74b800cf-0e48-4bf7-acc1-fc934f738e92] INFO  o.eclipse.m2e.core.internal.Bundles - 	Entry: C:\Users\HomePC\.p2\pool\plugins\org.eclipse.m2e.maven.runtime_3.9.400.20230826-0755\jars\maven-resolver-api-1.9.14.jar
2024-02-15 09:59:34,416 [Worker-30: Launching mavenrun-74b800cf-0e48-4bf7-acc1-fc934f738e92] INFO  o.eclipse.m2e.core.internal.Bundles - 	Entry: C:\Users\HomePC\.p2\pool\plugins\org.eclipse.m2e.maven.runtime_3.9.400.20230826-0755\jars\maven-resolver-connector-basic-1.9.14.jar
2024-02-15 09:59:34,417 [Worker-30: Launching mavenrun-74b800cf-0e48-4bf7-acc1-fc934f738e92] INFO  o.eclipse.m2e.core.internal.Bundles - 	Entry: C:\Users\HomePC\.p2\pool\plugins\org.eclipse.m2e.maven.runtime_3.9.400.20230826-0755\jars\maven-resolver-impl-1.9.14.jar
2024-02-15 09:59:34,417 [Worker-30: Launching mavenrun-74b800cf-0e48-4bf7-acc1-fc934f738e92] INFO  o.eclipse.m2e.core.internal.Bundles - 	Entry: C:\Users\HomePC\.p2\pool\plugins\org.eclipse.m2e.maven.runtime_3.9.400.20230826-0755\jars\maven-resolver-named-locks-1.9.14.jar
2024-02-15 09:59:34,417 [Worker-30: Launching mavenrun-74b800cf-0e48-4bf7-acc1-fc934f738e92] INFO  o.eclipse.m2e.core.internal.Bundles - 	Entry: C:\Users\HomePC\.p2\pool\plugins\org.eclipse.m2e.maven.runtime_3.9.400.20230826-0755\jars\maven-resolver-provider-3.9.4.jar
2024-02-15 09:59:34,417 [Worker-30: Launching mavenrun-74b800cf-0e48-4bf7-acc1-fc934f738e92] INFO  o.eclipse.m2e.core.internal.Bundles - 	Entry: C:\Users\HomePC\.p2\pool\plugins\org.eclipse.m2e.maven.runtime_3.9.400.20230826-0755\jars\maven-resolver-spi-1.9.14.jar
2024-02-15 09:59:34,418 [Worker-30: Launching mavenrun-74b800cf-0e48-4bf7-acc1-fc934f738e92] INFO  o.eclipse.m2e.core.internal.Bundles - 	Entry: C:\Users\HomePC\.p2\pool\plugins\org.eclipse.m2e.maven.runtime_3.9.400.20230826-0755\jars\maven-resolver-transport-wagon-1.9.14.jar
2024-02-15 09:59:34,418 [Worker-30: Launching mavenrun-74b800cf-0e48-4bf7-acc1-fc934f738e92] INFO  o.eclipse.m2e.core.internal.Bundles - 	Entry: C:\Users\HomePC\.p2\pool\plugins\org.eclipse.m2e.maven.runtime_3.9.400.20230826-0755\jars\maven-resolver-util-1.9.14.jar
2024-02-15 09:59:34,418 [Worker-30: Launching mavenrun-74b800cf-0e48-4bf7-acc1-fc934f738e92] INFO  o.eclipse.m2e.core.internal.Bundles - 	Entry: C:\Users\HomePC\.p2\pool\plugins\org.eclipse.m2e.maven.runtime_3.9.400.20230826-0755\jars\maven-settings-3.9.4.jar
2024-02-15 09:59:34,419 [Worker-30: Launching mavenrun-74b800cf-0e48-4bf7-acc1-fc934f738e92] INFO  o.eclipse.m2e.core.internal.Bundles - 	Entry: C:\Users\HomePC\.p2\pool\plugins\org.eclipse.m2e.maven.runtime_3.9.400.20230826-0755\jars\maven-settings-builder-3.9.4.jar
2024-02-15 09:59:34,419 [Worker-30: Launching mavenrun-74b800cf-0e48-4bf7-acc1-fc934f738e92] INFO  o.eclipse.m2e.core.internal.Bundles - 	Entry: C:\Users\HomePC\.p2\pool\plugins\org.eclipse.m2e.maven.runtime_3.9.400.20230826-0755\jars\maven-shared-utils-3.3.4.jar
2024-02-15 09:59:34,419 [Worker-30: Launching mavenrun-74b800cf-0e48-4bf7-acc1-fc934f738e92] INFO  o.eclipse.m2e.core.internal.Bundles - 	Entry: C:\Users\HomePC\.p2\pool\plugins\org.eclipse.m2e.maven.runtime_3.9.400.20230826-0755\jars\okhttp-3.14.1.jar
2024-02-15 09:59:34,420 [Worker-30: Launching mavenrun-74b800cf-0e48-4bf7-acc1-fc934f738e92] INFO  o.eclipse.m2e.core.internal.Bundles - 	Entry: C:\Users\HomePC\.p2\pool\plugins\org.eclipse.m2e.maven.runtime_3.9.400.20230826-0755\jars\okio-1.17.3.jar
2024-02-15 09:59:34,420 [Worker-30: Launching mavenrun-74b800cf-0e48-4bf7-acc1-fc934f738e92] INFO  o.eclipse.m2e.core.internal.Bundles - 	Entry: C:\Users\HomePC\.p2\pool\plugins\org.eclipse.m2e.maven.runtime_3.9.400.20230826-0755\jars\org.eclipse.sisu.inject-0.3.5.jar
2024-02-15 09:59:34,421 [Worker-30: Launching mavenrun-74b800cf-0e48-4bf7-acc1-fc934f738e92] INFO  o.eclipse.m2e.core.internal.Bundles - 	Entry: C:\Users\HomePC\.p2\pool\plugins\org.eclipse.m2e.maven.runtime_3.9.400.20230826-0755\jars\org.eclipse.sisu.plexus-0.3.5.jar
2024-02-15 09:59:34,421 [Worker-30: Launching mavenrun-74b800cf-0e48-4bf7-acc1-fc934f738e92] INFO  o.eclipse.m2e.core.internal.Bundles - 	Entry: C:\Users\HomePC\.p2\pool\plugins\org.eclipse.m2e.maven.runtime_3.9.400.20230826-0755\jars\plexus-build-api-0.0.7.jar
2024-02-15 09:59:34,421 [Worker-30: Launching mavenrun-74b800cf-0e48-4bf7-acc1-fc934f738e92] INFO  o.eclipse.m2e.core.internal.Bundles - 	Entry: C:\Users\HomePC\.p2\pool\plugins\org.eclipse.m2e.maven.runtime_3.9.400.20230826-0755\jars\plexus-cipher-2.0.jar
2024-02-15 09:59:34,422 [Worker-30: Launching mavenrun-74b800cf-0e48-4bf7-acc1-fc934f738e92] INFO  o.eclipse.m2e.core.internal.Bundles - 	Entry: C:\Users\HomePC\.p2\pool\plugins\org.eclipse.m2e.maven.runtime_3.9.400.20230826-0755\jars\plexus-classworlds-2.7.0.jar
2024-02-15 09:59:34,422 [Worker-30: Launching mavenrun-74b800cf-0e48-4bf7-acc1-fc934f738e92] INFO  o.eclipse.m2e.core.internal.Bundles - 	Entry: C:\Users\HomePC\.p2\pool\plugins\org.eclipse.m2e.maven.runtime_3.9.400.20230826-0755\jars\plexus-component-annotations-2.1.0.jar
2024-02-15 09:59:34,422 [Worker-30: Launching mavenrun-74b800cf-0e48-4bf7-acc1-fc934f738e92] INFO  o.eclipse.m2e.core.internal.Bundles - 	Entry: C:\Users\HomePC\.p2\pool\plugins\org.eclipse.m2e.maven.runtime_3.9.400.20230826-0755\jars\plexus-interpolation-1.26.jar
2024-02-15 09:59:34,422 [Worker-30: Launching mavenrun-74b800cf-0e48-4bf7-acc1-fc934f738e92] INFO  o.eclipse.m2e.core.internal.Bundles - 	Entry: C:\Users\HomePC\.p2\pool\plugins\org.eclipse.m2e.maven.runtime_3.9.400.20230826-0755\jars\plexus-sec-dispatcher-2.0.jar
2024-02-15 09:59:34,422 [Worker-30: Launching mavenrun-74b800cf-0e48-4bf7-acc1-fc934f738e92] INFO  o.eclipse.m2e.core.internal.Bundles - 	Entry: C:\Users\HomePC\.p2\pool\plugins\org.eclipse.m2e.maven.runtime_3.9.400.20230826-0755\jars\plexus-utils-3.5.1.jar
2024-02-15 09:59:34,423 [Worker-30: Launching mavenrun-74b800cf-0e48-4bf7-acc1-fc934f738e92] INFO  o.eclipse.m2e.core.internal.Bundles - 	Entry: C:\Users\HomePC\.p2\pool\plugins\org.eclipse.m2e.maven.runtime_3.9.400.20230826-0755\jars\wagon-file-3.5.3.jar
2024-02-15 09:59:34,423 [Worker-30: Launching mavenrun-74b800cf-0e48-4bf7-acc1-fc934f738e92] INFO  o.eclipse.m2e.core.internal.Bundles - 	Entry: C:\Users\HomePC\.p2\pool\plugins\org.eclipse.m2e.maven.runtime_3.9.400.20230826-0755\jars\wagon-provider-api-3.5.3.jar
2024-02-15 09:59:34,426 [Worker-30: Launching mavenrun-74b800cf-0e48-4bf7-acc1-fc934f738e92] INFO  o.eclipse.m2e.core.internal.Bundles - getClasspathEntries(Bundle=com.google.guava_32.1.2.jre [12])
2024-02-15 09:59:34,427 [Worker-30: Launching mavenrun-74b800cf-0e48-4bf7-acc1-fc934f738e92] INFO  o.eclipse.m2e.core.internal.Bundles - 	Entry: C:\Users\HomePC\.p2\pool\plugins\com.google.guava_32.1.2.jre.jar
2024-02-15 09:59:34,427 [Worker-30: Launching mavenrun-74b800cf-0e48-4bf7-acc1-fc934f738e92] INFO  o.eclipse.m2e.core.internal.Bundles - getClasspathEntries(Bundle=slf4j.api_2.0.9 [982])
2024-02-15 09:59:34,429 [Worker-30: Launching mavenrun-74b800cf-0e48-4bf7-acc1-fc934f738e92] INFO  o.eclipse.m2e.core.internal.Bundles - 	Entry: C:\Users\HomePC\.p2\pool\plugins\slf4j.api_2.0.9.jar
2024-02-15 09:59:34,429 [Worker-30: Launching mavenrun-74b800cf-0e48-4bf7-acc1-fc934f738e92] INFO  o.eclipse.m2e.core.internal.Bundles - getClasspathEntries(Bundle=javax.inject_1.0.0.v20220405-0441 [38])
2024-02-15 09:59:34,429 [Worker-30: Launching mavenrun-74b800cf-0e48-4bf7-acc1-fc934f738e92] INFO  o.eclipse.m2e.core.internal.Bundles - 	Entry: C:\Users\HomePC\.p2\pool\plugins\javax.inject_1.0.0.v20220405-0441.jar
2024-02-15 09:59:34,429 [Worker-30: Launching mavenrun-74b800cf-0e48-4bf7-acc1-fc934f738e92] INFO  o.eclipse.m2e.core.internal.Bundles - getClasspathEntries(Bundle=javax.annotation_1.3.5.v20200909-1856 [36])
2024-02-15 09:59:34,430 [Worker-30: Launching mavenrun-74b800cf-0e48-4bf7-acc1-fc934f738e92] INFO  o.eclipse.m2e.core.internal.Bundles - 	Entry: C:\Users\HomePC\.p2\pool\plugins\javax.annotation_1.3.5.v20200909-1856.jar
2024-02-15 09:59:34,430 [Worker-30: Launching mavenrun-74b800cf-0e48-4bf7-acc1-fc934f738e92] INFO  o.eclipse.m2e.core.internal.Bundles - getClasspathEntries(Bundle=org.apache.commons.cli_1.5.0 [73])
2024-02-15 09:59:34,432 [Worker-30: Launching mavenrun-74b800cf-0e48-4bf7-acc1-fc934f738e92] INFO  o.eclipse.m2e.core.internal.Bundles - 	Entry: C:\Users\HomePC\.p2\pool\plugins\org.apache.commons.cli_1.5.0.jar
2024-02-15 09:59:34,432 [Worker-30: Launching mavenrun-74b800cf-0e48-4bf7-acc1-fc934f738e92] INFO  o.eclipse.m2e.core.internal.Bundles - getClasspathEntries(Bundle=com.google.guava.failureaccess_1.0.1 [14])
2024-02-15 09:59:34,432 [Worker-30: Launching mavenrun-74b800cf-0e48-4bf7-acc1-fc934f738e92] INFO  o.eclipse.m2e.core.internal.Bundles - 	Entry: C:\Users\HomePC\.p2\pool\plugins\com.google.guava.failureaccess_1.0.1.jar
2024-02-15 09:59:34,445 [Worker-30: Launching mavenrun-74b800cf-0e48-4bf7-acc1-fc934f738e92] INFO  o.e.m.i.launch.MavenLaunchDelegate - Run build in "C:\Users\HomePC\AppData\Local\Temp\m2e-archetypeGenerator18225980653906471429":
2024-02-15 09:59:34,452 [Worker-30: Launching mavenrun-74b800cf-0e48-4bf7-acc1-fc934f738e92] INFO  o.e.m.i.launch.MavenLaunchDelegate -  mvn  -DarchetypeGroupId=org.apache.maven.archetypes -DarchetypeArtifactId=maven-archetype-webapp -DarchetypeVersion=1.0 -DgroupId=com -DartifactId=JavaWebApp -Dversion=0.0.1-SNAPSHOT -Dpackage=com.JavaWebApp -DoutputDirectory="C:\Users\HomePC\Desktop\Java Workspace" -Dstyle.color=always -U archetype:generate
2024-02-15 10:05:20,220 [Worker-29: Creating maven-archetype-webapp] INFO  o.e.m.c.i.p.ProjectConfigurationManager - Collecting project info '/pom.xml' C:\Users\HomePC\Desktop\Java Workspace\JavaWebApp\pom.xml
2024-02-15 10:05:22,318 [Worker-29: Creating maven-archetype-webapp] INFO  o.e.m.c.i.e.AbstractTransferListenerAdapter - Downloading https://repo.maven.apache.org/maven2/org/apache/maven/plugins/maven-war-plugin/3.4.0/maven-war-plugin-3.4.0.jar
2024-02-15 10:05:22,956 [Worker-29: Creating maven-archetype-webapp] INFO  o.e.m.c.i.e.AbstractTransferListenerAdapter - Downloaded https://repo.maven.apache.org/maven2/org/apache/maven/plugins/maven-war-plugin/3.4.0/maven-war-plugin-3.4.0.jar
2024-02-15 10:05:23,778 [Worker-29: Creating maven-archetype-webapp] INFO  o.e.m.c.i.l.LifecycleMappingFactory - Using org.maven.ide.eclipse.wtp.WarLifecycleMapping lifecycle mapping for MavenProject: com:JavaWebApp:0.0.1-SNAPSHOT @ C:\Users\HomePC\Desktop\Java Workspace\JavaWebApp\pom.xml.
2024-02-15 10:05:24,471 [Worker-29: Creating maven-archetype-webapp] INFO  o.e.m.c.i.e.AbstractTransferListenerAdapter - Downloading https://repo.maven.apache.org/maven2/org/apache/maven/plugins/maven-war-plugin/3.4.0/maven-war-plugin-3.4.0.pom
2024-02-15 10:05:24,741 [Worker-29: Creating maven-archetype-webapp] INFO  o.e.m.c.i.e.AbstractTransferListenerAdapter - Downloaded https://repo.maven.apache.org/maven2/org/apache/maven/plugins/maven-war-plugin/3.4.0/maven-war-plugin-3.4.0.pom
2024-02-15 10:05:25,169 [Worker-29: Creating maven-archetype-webapp] INFO  o.e.m.c.i.e.AbstractTransferListenerAdapter - Downloading https://repo.maven.apache.org/maven2/org/apache/maven/shared/maven-shared-utils/3.4.2/maven-shared-utils-3.4.2.pom
2024-02-15 10:05:25,714 [Worker-29: Creating maven-archetype-webapp] INFO  o.e.m.c.i.e.AbstractTransferListenerAdapter - Downloaded https://repo.maven.apache.org/maven2/org/apache/maven/shared/maven-shared-utils/3.4.2/maven-shared-utils-3.4.2.pom
2024-02-15 10:05:26,015 [Worker-29: Creating maven-archetype-webapp] INFO  o.e.m.c.i.e.AbstractTransferListenerAdapter - Downloading https://repo.maven.apache.org/maven2/org/codehaus/plexus/plexus-archiver/4.7.1/plexus-archiver-4.7.1.pom
2024-02-15 10:05:26,309 [Worker-29: Creating maven-archetype-webapp] INFO  o.e.m.c.i.e.AbstractTransferListenerAdapter - Downloaded https://repo.maven.apache.org/maven2/org/codehaus/plexus/plexus-archiver/4.7.1/plexus-archiver-4.7.1.pom
2024-02-15 10:05:26,583 [Worker-29: Creating maven-archetype-webapp] INFO  o.e.m.c.i.e.AbstractTransferListenerAdapter - Downloading https://repo.maven.apache.org/maven2/org/codehaus/plexus/plexus-io/3.4.1/plexus-io-3.4.1.pom
2024-02-15 10:05:26,906 [Worker-29: Creating maven-archetype-webapp] INFO  o.e.m.c.i.e.AbstractTransferListenerAdapter - Downloaded https://repo.maven.apache.org/maven2/org/codehaus/plexus/plexus-io/3.4.1/plexus-io-3.4.1.pom
2024-02-15 10:05:27,227 [Worker-29: Creating maven-archetype-webapp] INFO  o.e.m.c.i.e.AbstractTransferListenerAdapter - Downloading https://repo.maven.apache.org/maven2/com/github/luben/zstd-jni/1.5.5-2/zstd-jni-1.5.5-2.pom
2024-02-15 10:05:27,479 [Worker-29: Creating maven-archetype-webapp] INFO  o.e.m.c.i.e.AbstractTransferListenerAdapter - Downloaded https://repo.maven.apache.org/maven2/com/github/luben/zstd-jni/1.5.5-2/zstd-jni-1.5.5-2.pom
2024-02-15 10:05:27,839 [Worker-29: Creating maven-archetype-webapp] INFO  o.e.m.c.i.e.AbstractTransferListenerAdapter - Downloading https://repo.maven.apache.org/maven2/org/apache/maven/shared/maven-mapping/3.0.0/maven-mapping-3.0.0.pom
2024-02-15 10:05:28,093 [Worker-29: Creating maven-archetype-webapp] INFO  o.e.m.c.i.e.AbstractTransferListenerAdapter - Downloaded https://repo.maven.apache.org/maven2/org/apache/maven/shared/maven-mapping/3.0.0/maven-mapping-3.0.0.pom
2024-02-15 10:05:28,357 [Worker-29: Creating maven-archetype-webapp] INFO  o.e.m.c.i.e.AbstractTransferListenerAdapter - Downloading https://repo.maven.apache.org/maven2/org/apache/maven/shared/maven-shared-components/22/maven-shared-components-22.pom
2024-02-15 10:05:28,625 [Worker-29: Creating maven-archetype-webapp] INFO  o.e.m.c.i.e.AbstractTransferListenerAdapter - Downloaded https://repo.maven.apache.org/maven2/org/apache/maven/shared/maven-shared-components/22/maven-shared-components-22.pom
2024-02-15 10:05:28,884 [Worker-29: Creating maven-archetype-webapp] INFO  o.e.m.c.i.e.AbstractTransferListenerAdapter - Downloading https://repo.maven.apache.org/maven2/org/apache/maven/maven-parent/27/maven-parent-27.pom
2024-02-15 10:05:30,003 [Worker-29: Creating maven-archetype-webapp] INFO  o.e.m.c.i.e.AbstractTransferListenerAdapter - Downloaded https://repo.maven.apache.org/maven2/org/apache/maven/maven-parent/27/maven-parent-27.pom
2024-02-15 10:05:30,257 [Worker-29: Creating maven-archetype-webapp] INFO  o.e.m.c.i.e.AbstractTransferListenerAdapter - Downloading https://repo.maven.apache.org/maven2/org/apache/apache/17/apache-17.pom
2024-02-15 10:05:30,653 [Worker-29: Creating maven-archetype-webapp] INFO  o.e.m.c.i.e.AbstractTransferListenerAdapter - Downloaded https://repo.maven.apache.org/maven2/org/apache/apache/17/apache-17.pom
2024-02-15 10:05:31,534 [AetherRepositoryConnector-repo.maven.apache.org-0-0] INFO  o.e.m.c.i.e.AbstractTransferListenerAdapter - Downloading https://repo.maven.apache.org/maven2/org/apache/maven/shared/maven-shared-utils/3.4.2/maven-shared-utils-3.4.2.jar
2024-02-15 10:05:32,225 [AetherRepositoryConnector-repo.maven.apache.org-0-2] INFO  o.e.m.c.i.e.AbstractTransferListenerAdapter - Downloading https://repo.maven.apache.org/maven2/com/github/luben/zstd-jni/1.5.5-2/zstd-jni-1.5.5-2.jar
2024-02-15 10:05:32,225 [AetherRepositoryConnector-repo.maven.apache.org-0-3] INFO  o.e.m.c.i.e.AbstractTransferListenerAdapter - Downloading https://repo.maven.apache.org/maven2/org/apache/maven/shared/maven-mapping/3.0.0/maven-mapping-3.0.0.jar
2024-02-15 10:05:32,225 [AetherRepositoryConnector-repo.maven.apache.org-0-1] INFO  o.e.m.c.i.e.AbstractTransferListenerAdapter - Downloading https://repo.maven.apache.org/maven2/org/codehaus/plexus/plexus-archiver/4.7.1/plexus-archiver-4.7.1.jar
2024-02-15 10:05:34,847 [AetherRepositoryConnector-repo.maven.apache.org-0-3] INFO  o.e.m.c.i.e.AbstractTransferListenerAdapter - Downloaded https://repo.maven.apache.org/maven2/org/apache/maven/shared/maven-mapping/3.0.0/maven-mapping-3.0.0.jar
2024-02-15 10:05:38,093 [AetherRepositoryConnector-repo.maven.apache.org-0-0] INFO  o.e.m.c.i.e.AbstractTransferListenerAdapter - Downloaded https://repo.maven.apache.org/maven2/org/apache/maven/shared/maven-shared-utils/3.4.2/maven-shared-utils-3.4.2.jar
2024-02-15 10:05:38,141 [AetherRepositoryConnector-repo.maven.apache.org-0-1] INFO  o.e.m.c.i.e.AbstractTransferListenerAdapter - Downloaded https://repo.maven.apache.org/maven2/org/codehaus/plexus/plexus-archiver/4.7.1/plexus-archiver-4.7.1.jar
2024-02-15 10:05:57,973 [AetherRepositoryConnector-repo.maven.apache.org-0-2] INFO  o.e.m.c.i.e.AbstractTransferListenerAdapter - Downloaded https://repo.maven.apache.org/maven2/com/github/luben/zstd-jni/1.5.5-2/zstd-jni-1.5.5-2.jar
2024-02-15 10:05:58,866 [Worker-29: Creating maven-archetype-webapp] INFO  o.e.m.j.i.AbstractJavaProjectConfigurator - Adding source folder /JavaWebApp/src/main/java
2024-02-15 10:05:58,867 [Worker-29: Creating maven-archetype-webapp] INFO  o.e.m.j.i.AbstractJavaProjectConfigurator - Adding resource folder /JavaWebApp/src/main/resources
2024-02-15 10:05:58,870 [Worker-29: Creating maven-archetype-webapp] INFO  o.e.m.j.i.AbstractJavaProjectConfigurator - Adding source folder /JavaWebApp/src/test/java
2024-02-15 10:05:58,871 [Worker-29: Creating maven-archetype-webapp] INFO  o.e.m.j.i.AbstractJavaProjectConfigurator - Adding resource folder /JavaWebApp/src/test/resources
2024-02-15 10:06:01,537 [Worker-29: Creating maven-archetype-webapp] INFO  o.e.m.c.i.p.ProjectConfigurationManager - Imported and configured 1 project(s) in 41 sec
2024-02-15 10:06:02,870 [Worker-35: Building] WARN  o.a.m.s.f.DefaultMavenResourcesFiltering - Using platform encoding (UTF-8 actually) to copy filtered resources, i.e. build is platform dependent!
2024-02-15 10:06:02,883 [Worker-35: Building] INFO  o.a.m.s.f.DefaultMavenResourcesFiltering - Copying 0 resource from src\main\resources to target\classes
2024-02-15 10:06:02,892 [Worker-35: Building] WARN  o.a.m.s.f.DefaultMavenResourcesFiltering - Using platform encoding (UTF-8 actually) to copy filtered resources, i.e. build is platform dependent!
2024-02-15 10:06:02,894 [Worker-35: Building] INFO  o.a.m.s.f.DefaultMavenResourcesFiltering - skip non existing resourceDirectory C:\Users\HomePC\Desktop\Java Workspace\JavaWebApp\src\test\resources
2024-02-15 10:12:10,878 [Worker-37: Updating Maven Project] INFO  o.e.m.c.i.p.ProjectConfigurationManager - Update started
2024-02-15 10:12:11,323 [Worker-37: Updating Maven Project] INFO  o.e.m.c.i.l.LifecycleMappingFactory - Using org.maven.ide.eclipse.wtp.WarLifecycleMapping lifecycle mapping for MavenProject: com:JavaWebApp:0.0.1-SNAPSHOT @ C:\Users\HomePC\Desktop\Java Workspace\JavaWebApp\pom.xml.
2024-02-15 10:12:12,479 [Worker-37: Updating Maven Project] INFO  o.e.m.j.i.AbstractJavaProjectConfigurator - Adding source folder /JavaWebApp/src/main/java
2024-02-15 10:12:12,480 [Worker-37: Updating Maven Project] INFO  o.e.m.j.i.AbstractJavaProjectConfigurator - Adding resource folder /JavaWebApp/src/main/resources
2024-02-15 10:12:12,481 [Worker-37: Updating Maven Project] INFO  o.e.m.j.i.AbstractJavaProjectConfigurator - Adding source folder /JavaWebApp/src/test/java
2024-02-15 10:12:12,481 [Worker-37: Updating Maven Project] INFO  o.e.m.j.i.AbstractJavaProjectConfigurator - Adding resource folder /JavaWebApp/src/test/resources
2024-02-15 10:12:12,998 [Worker-37: Updating Maven Project] INFO  o.e.m.w.i.f.ResourceFilteringBuildParticipant - Cleaning filtered folder for JavaWebApp
2024-02-15 10:12:13,016 [Worker-37: Updating Maven Project] INFO  o.e.m.c.i.p.ProjectConfigurationManager - Update completed for 1 poms: local refresh takes 0.00 sec, refresh facades takes 1.00 sec, update config takes 0.00 sec 
2024-02-15 10:12:29,875 [Worker-38: Build Project] WARN  o.a.m.s.f.DefaultMavenResourcesFiltering - Using platform encoding (UTF-8 actually) to copy filtered resources, i.e. build is platform dependent!
2024-02-15 10:12:29,879 [Worker-38: Build Project] INFO  o.a.m.s.f.DefaultMavenResourcesFiltering - Copying 0 resource from src\main\resources to target\classes
2024-02-15 10:12:29,887 [Worker-38: Build Project] WARN  o.a.m.s.f.DefaultMavenResourcesFiltering - Using platform encoding (UTF-8 actually) to copy filtered resources, i.e. build is platform dependent!
2024-02-15 10:12:29,888 [Worker-38: Build Project] INFO  o.a.m.s.f.DefaultMavenResourcesFiltering - skip non existing resourceDirectory C:\Users\HomePC\Desktop\Java Workspace\JavaWebApp\src\test\resources
2024-02-15 10:12:29,889 [Worker-38: Build Project] INFO  o.e.m.w.i.f.ResourceFilteringBuildParticipant - Changed resources require a complete clean of filtered resources of JavaWebApp
2024-02-15 10:12:29,892 [Worker-38: Build Project] INFO  o.e.m.w.i.f.ResourceFilteringBuildParticipant - Executing resource filtering for JavaWebApp
2024-02-15 10:21:51,500 [Worker-40: Updating Maven Project] INFO  o.e.m.c.i.p.ProjectConfigurationManager - Update started
2024-02-15 10:21:51,886 [Worker-40: Updating Maven Project] INFO  o.e.m.c.i.l.LifecycleMappingFactory - Using org.maven.ide.eclipse.wtp.WarLifecycleMapping lifecycle mapping for MavenProject: com:JavaWebApp:0.0.1-SNAPSHOT @ C:\Users\HomePC\Desktop\Java Workspace\JavaWebApp\pom.xml.
2024-02-15 10:21:52,619 [Worker-40: Updating Maven Project] INFO  o.e.m.c.i.e.AbstractTransferListenerAdapter - Downloading https://repo.maven.apache.org/maven2/javax/servlet/javax.servlet-api/3.0.1/javax.servlet-api-3.0.1.pom
2024-02-15 10:21:52,898 [Worker-40: Updating Maven Project] INFO  o.e.m.c.i.e.AbstractTransferListenerAdapter - Downloaded https://repo.maven.apache.org/maven2/javax/servlet/javax.servlet-api/3.0.1/javax.servlet-api-3.0.1.pom
2024-02-15 10:21:52,998 [Worker-40: Updating Maven Project] INFO  o.e.m.c.i.e.AbstractTransferListenerAdapter - Downloading https://repo.maven.apache.org/maven2/net/java/jvnet-parent/1/jvnet-parent-1.pom
2024-02-15 10:21:53,536 [Worker-40: Updating Maven Project] INFO  o.e.m.c.i.e.AbstractTransferListenerAdapter - Downloaded https://repo.maven.apache.org/maven2/net/java/jvnet-parent/1/jvnet-parent-1.pom
2024-02-15 10:21:53,643 [Worker-40: Updating Maven Project] INFO  o.e.m.c.i.e.AbstractTransferListenerAdapter - Downloading https://repo.maven.apache.org/maven2/javax/servlet/javax.servlet-api/3.0.1/javax.servlet-api-3.0.1.jar
2024-02-15 10:21:54,607 [Worker-40: Updating Maven Project] INFO  o.e.m.c.i.e.AbstractTransferListenerAdapter - Downloaded https://repo.maven.apache.org/maven2/javax/servlet/javax.servlet-api/3.0.1/javax.servlet-api-3.0.1.jar
2024-02-15 10:21:55,711 [Worker-40: Updating Maven Project] INFO  o.e.m.j.i.AbstractJavaProjectConfigurator - Adding source folder /JavaWebApp/src/main/java
2024-02-15 10:21:55,711 [Worker-40: Updating Maven Project] INFO  o.e.m.j.i.AbstractJavaProjectConfigurator - Adding resource folder /JavaWebApp/src/main/resources
2024-02-15 10:21:55,712 [Worker-40: Updating Maven Project] INFO  o.e.m.j.i.AbstractJavaProjectConfigurator - Adding source folder /JavaWebApp/src/test/java
2024-02-15 10:21:55,713 [Worker-40: Updating Maven Project] INFO  o.e.m.j.i.AbstractJavaProjectConfigurator - Adding resource folder /JavaWebApp/src/test/resources
2024-02-15 10:21:56,137 [Worker-40: Updating Maven Project] INFO  o.e.m.w.i.f.ResourceFilteringBuildParticipant - Cleaning filtered folder for JavaWebApp
2024-02-15 10:21:56,153 [Worker-40: Updating Maven Project] INFO  o.e.m.c.i.p.ProjectConfigurationManager - Update completed for 1 poms: local refresh takes 0.00 sec, refresh facades takes 4.00 sec, update config takes 0.00 sec 
2024-02-15 10:21:57,349 [Worker-26: Download sources and javadoc] INFO  o.e.m.c.i.e.AbstractTransferListenerAdapter - Downloading https://repo.maven.apache.org/maven2/javax/servlet/javax.servlet-api/3.0.1/javax.servlet-api-3.0.1-sources.jar
2024-02-15 10:22:01,190 [Worker-26: Download sources and javadoc] INFO  o.e.m.c.i.e.AbstractTransferListenerAdapter - Downloaded https://repo.maven.apache.org/maven2/javax/servlet/javax.servlet-api/3.0.1/javax.servlet-api-3.0.1-sources.jar
2024-02-15 10:22:01,206 [Worker-26: Download sources and javadoc] INFO  o.e.m.j.internal.DownloadSourcesJob - Downloaded sources for javax.servlet:javax.servlet-api:3.0.1
2024-02-15 10:35:14,349 [Worker-49: https://download.oracle.com/otn_software/oepe/12.2.1.10/photon/repository/site.xml] INFO  o.a.h.c.h.i.c.HttpRequestRetryExec - Recoverable I/O exception (org.apache.hc.core5.http.NoHttpResponseException) caught when processing request to {s}->https://download.oracle.com:443
2024-02-15 10:49:17,578 [Worker-57: Build Project] WARN  o.a.m.s.f.DefaultMavenResourcesFiltering - Using platform encoding (UTF-8 actually) to copy filtered resources, i.e. build is platform dependent!
2024-02-15 10:49:17,585 [Worker-57: Build Project] INFO  o.a.m.s.f.DefaultMavenResourcesFiltering - Copying 0 resource from src\main\resources to target\classes
2024-02-15 10:49:17,593 [Worker-57: Build Project] WARN  o.a.m.s.f.DefaultMavenResourcesFiltering - Using platform encoding (UTF-8 actually) to copy filtered resources, i.e. build is platform dependent!
2024-02-15 10:49:17,595 [Worker-57: Build Project] INFO  o.a.m.s.f.DefaultMavenResourcesFiltering - skip non existing resourceDirectory C:\Users\HomePC\Desktop\Java Workspace\JavaWebApp\src\test\resources
2024-02-15 10:49:17,596 [Worker-57: Build Project] INFO  o.e.m.w.i.f.ResourceFilteringBuildParticipant - Changed resources require a complete clean of filtered resources of JavaWebApp
2024-02-15 10:49:17,596 [Worker-57: Build Project] INFO  o.e.m.w.i.f.ResourceFilteringBuildParticipant - Executing resource filtering for JavaWebApp
2024-02-15 10:53:43,610 [Worker-3: Loading available Gradle versions] INFO  o.e.b.c.i.u.g.PublishedGradleVersions - Gradle version information cache is up-to-date. Trying to read.
2024-02-15 11:04:24,652 [Worker-25: Cleaning all projects] INFO  o.e.m.w.i.f.ResourceFilteringBuildParticipant - Cleaning filtered folder for JavaWebApp
2024-02-15 11:04:25,442 [Worker-16: Building Workspace] WARN  o.a.m.s.f.DefaultMavenResourcesFiltering - Using platform encoding (UTF-8 actually) to copy filtered resources, i.e. build is platform dependent!
2024-02-15 11:04:25,453 [Worker-16: Building Workspace] INFO  o.a.m.s.f.DefaultMavenResourcesFiltering - Copying 0 resource from src\main\resources to target\classes
2024-02-15 11:04:25,461 [Worker-16: Building Workspace] WARN  o.a.m.s.f.DefaultMavenResourcesFiltering - Using platform encoding (UTF-8 actually) to copy filtered resources, i.e. build is platform dependent!
2024-02-15 11:04:25,463 [Worker-16: Building Workspace] INFO  o.a.m.s.f.DefaultMavenResourcesFiltering - skip non existing resourceDirectory C:\Users\HomePC\Desktop\Java Workspace\JavaWebApp\src\test\resources
2024-02-15 11:04:25,464 [Worker-16: Building Workspace] INFO  o.e.m.w.i.f.ResourceFilteringBuildParticipant - Changed resources require a complete clean of filtered resources of JavaWebApp
2024-02-15 11:04:25,468 [Worker-16: Building Workspace] INFO  o.e.m.w.i.f.ResourceFilteringBuildParticipant - Executing resource filtering for JavaWebApp
2024-02-15 11:08:23,296 [Worker-29: Building] INFO  o.e.m.c.i.l.LifecycleMappingFactory - Using org.maven.ide.eclipse.wtp.WarLifecycleMapping lifecycle mapping for MavenProject: com:JavaWebApp:0.0.1-SNAPSHOT @ C:\Users\HomePC\Desktop\Java Workspace\JavaWebApp\pom.xml.
2024-02-15 11:08:25,074 [Worker-29: Building] INFO  o.e.m.c.i.e.AbstractTransferListenerAdapter - Downloading https://repo.maven.apache.org/maven2/javax/servlet/servlet-api/3.0-alpha-1/servlet-api-3.0-alpha-1.pom
2024-02-15 11:08:26,190 [Worker-29: Building] INFO  o.e.m.c.i.e.AbstractTransferListenerAdapter - Downloaded https://repo.maven.apache.org/maven2/javax/servlet/servlet-api/3.0-alpha-1/servlet-api-3.0-alpha-1.pom
2024-02-15 11:08:26,699 [Worker-29: Building] INFO  o.e.m.c.i.e.AbstractTransferListenerAdapter - Downloading https://repo.maven.apache.org/maven2/org/glassfish/api/api/1/api-1.pom
2024-02-15 11:08:26,945 [Worker-29: Building] INFO  o.e.m.c.i.e.AbstractTransferListenerAdapter - Downloaded https://repo.maven.apache.org/maven2/org/glassfish/api/api/1/api-1.pom
2024-02-15 11:08:27,206 [Worker-29: Building] INFO  o.e.m.c.i.e.AbstractTransferListenerAdapter - Downloading https://repo.maven.apache.org/maven2/org/glassfish/pom/2/pom-2.pom
2024-02-15 11:08:27,481 [Worker-29: Building] INFO  o.e.m.c.i.e.AbstractTransferListenerAdapter - Downloaded https://repo.maven.apache.org/maven2/org/glassfish/pom/2/pom-2.pom
2024-02-15 11:08:27,755 [Worker-29: Building] INFO  o.e.m.c.i.e.AbstractTransferListenerAdapter - Downloading https://repo.maven.apache.org/maven2/javax/servlet/servlet-api/3.0-alpha-1/servlet-api-3.0-alpha-1.jar
2024-02-15 11:08:29,105 [Worker-29: Building] INFO  o.e.m.c.i.e.AbstractTransferListenerAdapter - Downloaded https://repo.maven.apache.org/maven2/javax/servlet/servlet-api/3.0-alpha-1/servlet-api-3.0-alpha-1.jar
2024-02-15 11:08:30,532 [Worker-29: Building] WARN  o.a.m.s.f.DefaultMavenResourcesFiltering - Using platform encoding (UTF-8 actually) to copy filtered resources, i.e. build is platform dependent!
2024-02-15 11:08:30,535 [Worker-29: Building] INFO  o.a.m.s.f.DefaultMavenResourcesFiltering - Copying 0 resource from src\main\resources to target\classes
2024-02-15 11:08:30,540 [Worker-29: Building] WARN  o.a.m.s.f.DefaultMavenResourcesFiltering - Using platform encoding (UTF-8 actually) to copy filtered resources, i.e. build is platform dependent!
2024-02-15 11:08:30,542 [Worker-29: Building] INFO  o.a.m.s.f.DefaultMavenResourcesFiltering - skip non existing resourceDirectory C:\Users\HomePC\Desktop\Java Workspace\JavaWebApp\src\test\resources
2024-02-15 11:08:30,543 [Worker-29: Building] INFO  o.e.m.w.i.f.ResourceFilteringBuildParticipant - Changed resources require a complete clean of filtered resources of JavaWebApp
2024-02-15 11:08:30,543 [Worker-29: Building] INFO  o.e.m.w.i.f.ResourceFilteringBuildParticipant - Executing resource filtering for JavaWebApp
2024-02-15 11:08:32,383 [Worker-4: Download sources and javadoc] INFO  o.e.m.c.i.e.AbstractTransferListenerAdapter - Downloading https://repo.maven.apache.org/maven2/javax/servlet/servlet-api/3.0-alpha-1/servlet-api-3.0-alpha-1-sources.jar
2024-02-15 11:08:33,950 [Worker-4: Download sources and javadoc] INFO  o.e.m.c.i.e.AbstractTransferListenerAdapter - Downloaded https://repo.maven.apache.org/maven2/javax/servlet/servlet-api/3.0-alpha-1/servlet-api-3.0-alpha-1-sources.jar
2024-02-15 11:08:33,966 [Worker-4: Download sources and javadoc] INFO  o.e.m.j.internal.DownloadSourcesJob - Downloaded sources for javax.servlet:servlet-api:3.0-alpha-1
2024-02-15 11:08:52,363 [Worker-27: Updating Maven Project] INFO  o.e.m.c.i.p.ProjectConfigurationManager - Update started
2024-02-15 11:08:52,754 [Worker-27: Updating Maven Project] INFO  o.e.m.c.i.l.LifecycleMappingFactory - Using org.maven.ide.eclipse.wtp.WarLifecycleMapping lifecycle mapping for MavenProject: com:JavaWebApp:0.0.1-SNAPSHOT @ C:\Users\HomePC\Desktop\Java Workspace\JavaWebApp\pom.xml.
2024-02-15 11:08:53,968 [Worker-27: Updating Maven Project] INFO  o.e.m.j.i.AbstractJavaProjectConfigurator - Adding source folder /JavaWebApp/src/main/java
2024-02-15 11:08:53,968 [Worker-27: Updating Maven Project] INFO  o.e.m.j.i.AbstractJavaProjectConfigurator - Adding resource folder /JavaWebApp/src/main/resources
2024-02-15 11:08:53,969 [Worker-27: Updating Maven Project] INFO  o.e.m.j.i.AbstractJavaProjectConfigurator - Adding source folder /JavaWebApp/src/test/java
2024-02-15 11:08:53,971 [Worker-27: Updating Maven Project] INFO  o.e.m.j.i.AbstractJavaProjectConfigurator - Adding resource folder /JavaWebApp/src/test/resources
2024-02-15 11:08:55,038 [Worker-27: Updating Maven Project] INFO  o.e.m.w.i.f.ResourceFilteringBuildParticipant - Cleaning filtered folder for JavaWebApp
2024-02-15 11:08:55,071 [Worker-27: Updating Maven Project] INFO  o.e.m.c.i.p.ProjectConfigurationManager - Update completed for 1 poms: local refresh takes 0.00 sec, refresh facades takes 1.00 sec, update config takes 1.00 sec 
2024-02-15 11:08:55,273 [Worker-4: Building] WARN  o.a.m.s.f.DefaultMavenResourcesFiltering - Using platform encoding (UTF-8 actually) to copy filtered resources, i.e. build is platform dependent!
2024-02-15 11:08:55,275 [Worker-4: Building] INFO  o.a.m.s.f.DefaultMavenResourcesFiltering - Copying 0 resource from src\main\resources to target\classes
2024-02-15 11:08:55,283 [Worker-4: Building] WARN  o.a.m.s.f.DefaultMavenResourcesFiltering - Using platform encoding (UTF-8 actually) to copy filtered resources, i.e. build is platform dependent!
2024-02-15 11:08:55,285 [Worker-4: Building] INFO  o.a.m.s.f.DefaultMavenResourcesFiltering - skip non existing resourceDirectory C:\Users\HomePC\Desktop\Java Workspace\JavaWebApp\src\test\resources
2024-02-15 11:08:55,285 [Worker-4: Building] INFO  o.e.m.w.i.f.ResourceFilteringBuildParticipant - Changed resources require a complete clean of filtered resources of JavaWebApp
2024-02-15 11:08:55,287 [Worker-4: Building] INFO  o.e.m.w.i.f.ResourceFilteringBuildParticipant - Executing resource filtering for JavaWebApp
2024-02-15 11:10:51,124 [Worker-4: Building] WARN  o.a.m.s.f.DefaultMavenResourcesFiltering - Using platform encoding (UTF-8 actually) to copy filtered resources, i.e. build is platform dependent!
2024-02-15 11:10:51,133 [Worker-4: Building] INFO  o.a.m.s.f.DefaultMavenResourcesFiltering - Copying 0 resource from src\main\resources to target\classes
2024-02-15 11:10:51,138 [Worker-4: Building] WARN  o.a.m.s.f.DefaultMavenResourcesFiltering - Using platform encoding (UTF-8 actually) to copy filtered resources, i.e. build is platform dependent!
2024-02-15 11:10:51,139 [Worker-4: Building] INFO  o.a.m.s.f.DefaultMavenResourcesFiltering - skip non existing resourceDirectory C:\Users\HomePC\Desktop\Java Workspace\JavaWebApp\src\test\resources
2024-02-15 11:45:30,639 [Worker-49: Building] WARN  o.a.m.s.f.DefaultMavenResourcesFiltering - Using platform encoding (UTF-8 actually) to copy filtered resources, i.e. build is platform dependent!
2024-02-15 11:45:30,641 [Worker-49: Building] INFO  o.a.m.s.f.DefaultMavenResourcesFiltering - Copying 0 resource from src\main\resources to target\classes
2024-02-15 11:45:30,643 [Worker-49: Building] WARN  o.a.m.s.f.DefaultMavenResourcesFiltering - Using platform encoding (UTF-8 actually) to copy filtered resources, i.e. build is platform dependent!
2024-02-15 11:45:30,644 [Worker-49: Building] INFO  o.a.m.s.f.DefaultMavenResourcesFiltering - skip non existing resourceDirectory C:\Users\HomePC\Desktop\Java Workspace\JavaWebApp\src\test\resources
2024-02-15 11:46:03,406 [Worker-48: Building] WARN  o.a.m.s.f.DefaultMavenResourcesFiltering - Using platform encoding (UTF-8 actually) to copy filtered resources, i.e. build is platform dependent!
2024-02-15 11:46:03,408 [Worker-48: Building] INFO  o.a.m.s.f.DefaultMavenResourcesFiltering - Copying 0 resource from src\main\resources to target\classes
2024-02-15 11:46:03,411 [Worker-48: Building] WARN  o.a.m.s.f.DefaultMavenResourcesFiltering - Using platform encoding (UTF-8 actually) to copy filtered resources, i.e. build is platform dependent!
2024-02-15 11:46:03,413 [Worker-48: Building] INFO  o.a.m.s.f.DefaultMavenResourcesFiltering - skip non existing resourceDirectory C:\Users\HomePC\Desktop\Java Workspace\JavaWebApp\src\test\resources
2024-02-15 11:52:36,127 [Worker-48: Building] WARN  o.a.m.s.f.DefaultMavenResourcesFiltering - Using platform encoding (UTF-8 actually) to copy filtered resources, i.e. build is platform dependent!
2024-02-15 11:52:36,129 [Worker-48: Building] INFO  o.a.m.s.f.DefaultMavenResourcesFiltering - Copying 0 resource from src\main\resources to target\classes
2024-02-15 11:52:36,133 [Worker-48: Building] WARN  o.a.m.s.f.DefaultMavenResourcesFiltering - Using platform encoding (UTF-8 actually) to copy filtered resources, i.e. build is platform dependent!
2024-02-15 11:52:36,134 [Worker-48: Building] INFO  o.a.m.s.f.DefaultMavenResourcesFiltering - skip non existing resourceDirectory C:\Users\HomePC\Desktop\Java Workspace\JavaWebApp\src\test\resources
2024-02-15 14:05:10,626 [Worker-4: Loading available Gradle versions] INFO  o.e.b.c.i.u.g.PublishedGradleVersions - Gradle version information cache is up-to-date. Trying to read.
2024-02-15 14:16:36,584 [Worker-6: Building] WARN  o.a.m.s.f.DefaultMavenResourcesFiltering - Using platform encoding (UTF-8 actually) to copy filtered resources, i.e. build is platform dependent!
2024-02-15 14:16:36,601 [Worker-6: Building] INFO  o.a.m.s.f.DefaultMavenResourcesFiltering - Copying 0 resource from src\main\resources to target\classes
2024-02-15 14:16:36,613 [Worker-6: Building] WARN  o.a.m.s.f.DefaultMavenResourcesFiltering - Using platform encoding (UTF-8 actually) to copy filtered resources, i.e. build is platform dependent!
2024-02-15 14:16:36,615 [Worker-6: Building] INFO  o.a.m.s.f.DefaultMavenResourcesFiltering - skip non existing resourceDirectory C:\Users\HomePC\Desktop\Java Workspace\JavaWebApp\src\test\resources
2024-02-15 14:16:40,328 [Worker-6: Building] WARN  o.a.m.s.f.DefaultMavenResourcesFiltering - Using platform encoding (UTF-8 actually) to copy filtered resources, i.e. build is platform dependent!
2024-02-15 14:16:40,335 [Worker-6: Building] INFO  o.a.m.s.f.DefaultMavenResourcesFiltering - Copying 0 resource from src\main\resources to target\classes
2024-02-15 14:16:40,341 [Worker-6: Building] WARN  o.a.m.s.f.DefaultMavenResourcesFiltering - Using platform encoding (UTF-8 actually) to copy filtered resources, i.e. build is platform dependent!
2024-02-15 14:16:40,342 [Worker-6: Building] INFO  o.a.m.s.f.DefaultMavenResourcesFiltering - skip non existing resourceDirectory C:\Users\HomePC\Desktop\Java Workspace\JavaWebApp\src\test\resources
2024-02-15 14:18:15,346 [Worker-28: Building] WARN  o.a.m.s.f.DefaultMavenResourcesFiltering - Using platform encoding (UTF-8 actually) to copy filtered resources, i.e. build is platform dependent!
2024-02-15 14:18:15,349 [Worker-28: Building] INFO  o.a.m.s.f.DefaultMavenResourcesFiltering - Copying 0 resource from src\main\resources to target\classes
2024-02-15 14:18:15,355 [Worker-28: Building] WARN  o.a.m.s.f.DefaultMavenResourcesFiltering - Using platform encoding (UTF-8 actually) to copy filtered resources, i.e. build is platform dependent!
2024-02-15 14:18:15,356 [Worker-28: Building] INFO  o.a.m.s.f.DefaultMavenResourcesFiltering - skip non existing resourceDirectory C:\Users\HomePC\Desktop\Java Workspace\JavaWebApp\src\test\resources
2024-02-16 08:27:50,865 [Worker-2: Loading available Gradle versions] INFO  o.e.b.c.i.u.g.PublishedGradleVersions - Gradle version information cache is up-to-date. Trying to read.
